<?xml version="1.0" encoding="UTF-8"?>
<testsuite xmlns:xsi="http://www.w3.org/2001/XMLSchema-instance" xsi:noNamespaceSchemaLocation="https://maven.apache.org/surefire/maven-surefire-plugin/xsd/surefire-test-report-3.0.xsd" version="3.0" name="br.edu.ifms.veiculo.AppTest" time="0.05" tests="1" errors="0" skipped="0" failures="0">
  <properties>
    <property name="sun.desktop" value="gnome"/>
    <property name="awt.toolkit" value="sun.awt.X11.XToolkit"/>
    <property name="java.specification.version" value="11"/>
    <property name="sun.cpu.isalist" value=""/>
    <property name="sun.jnu.encoding" value="UTF-8"/>
    <property name="java.class.path" value="/home/casa/Documentos/LP IV/veiculo/target/test-classes:/home/casa/Documentos/LP IV/veiculo/target/classes:/home/casa/.m2/repository/jakarta/xml/ws/jakarta.xml.ws-api/3.0.0/jakarta.xml.ws-api-3.0.0.jar:/home/casa/.m2/repository/jakarta/xml/soap/jakarta.xml.soap-api/2.0.0/jakarta.xml.soap-api-2.0.0.jar:/home/casa/.m2/repository/jakarta/jws/jakarta.jws-api/3.0.0/jakarta.jws-api-3.0.0.jar:/home/casa/.m2/repository/com/sun/xml/ws/jaxws-rt/3.0.0/jaxws-rt-3.0.0.jar:/home/casa/.m2/repository/org/glassfish/ha/ha-api/3.1.12/ha-api-3.1.12.jar:/home/casa/.m2/repository/org/glassfish/external/management-api/3.2.3/management-api-3.2.3.jar:/home/casa/.m2/repository/org/glassfish/gmbal/gmbal-api-only/4.0.2/gmbal-api-only-4.0.2.jar:/home/casa/.m2/repository/org/jvnet/staxex/stax-ex/2.0.0/stax-ex-2.0.0.jar:/home/casa/.m2/repository/com/sun/xml/stream/buffer/streambuffer/2.0.1/streambuffer-2.0.1.jar:/home/casa/.m2/repository/org/jvnet/mimepull/mimepull/1.9.13/mimepull-1.9.13.jar:/home/casa/.m2/repository/com/sun/xml/fastinfoset/FastInfoset/2.0.0/FastInfoset-2.0.0.jar:/home/casa/.m2/repository/com/sun/mail/jakarta.mail/2.0.0/jakarta.mail-2.0.0.jar:/home/casa/.m2/repository/com/sun/xml/messaging/saaj/saaj-impl/2.0.0/saaj-impl-2.0.0.jar:/home/casa/.m2/repository/com/fasterxml/woodstox/woodstox-core/6.2.1/woodstox-core-6.2.1.jar:/home/casa/.m2/repository/org/codehaus/woodstox/stax2-api/4.2.1/stax2-api-4.2.1.jar:/home/casa/.m2/repository/com/sun/activation/jakarta.activation/2.0.0/jakarta.activation-2.0.0.jar:/home/casa/.m2/repository/jakarta/annotation/jakarta.annotation-api/2.0.0/jakarta.annotation-api-2.0.0.jar:/home/casa/.m2/repository/com/sun/xml/ws/jaxws-tools/3.0.0/jaxws-tools-3.0.0.jar:/home/casa/.m2/repository/com/sun/xml/bind/jaxb-xjc/3.0.0/jaxb-xjc-3.0.0.jar:/home/casa/.m2/repository/com/sun/xml/bind/jaxb-jxc/3.0.0/jaxb-jxc-3.0.0.jar:/home/casa/.m2/repository/com/sun/xml/ws/jaxws-eclipselink-plugin/3.0.0/jaxws-eclipselink-plugin-3.0.0.jar:/home/casa/.m2/repository/org/eclipse/persistence/org.eclipse.persistence.moxy/3.0.0-M2/org.eclipse.persistence.moxy-3.0.0-M2.jar:/home/casa/.m2/repository/org/eclipse/persistence/org.eclipse.persistence.asm/3.0.0-M2/org.eclipse.persistence.asm-3.0.0-M2.jar:/home/casa/.m2/repository/org/eclipse/persistence/org.eclipse.persistence.core/3.0.0-M2/org.eclipse.persistence.core-3.0.0-M2.jar:/home/casa/.m2/repository/com/sun/xml/ws/sdo-eclipselink-plugin/3.0.0/sdo-eclipselink-plugin-3.0.0.jar:/home/casa/.m2/repository/org/eclipse/persistence/org.eclipse.persistence.sdo/3.0.0-M2/org.eclipse.persistence.sdo-3.0.0-M2.jar:/home/casa/.m2/repository/org/eclipse/persistence/commonj.sdo/2.1.1/commonj.sdo-2.1.1.jar:/home/casa/.m2/repository/jakarta/xml/bind/jakarta.xml.bind-api/3.0.0/jakarta.xml.bind-api-3.0.0.jar:/home/casa/.m2/repository/com/sun/xml/bind/jaxb-impl/3.0.2/jaxb-impl-3.0.2.jar:/home/casa/.m2/repository/com/sun/xml/bind/jaxb-core/3.0.2/jaxb-core-3.0.2.jar:/home/casa/.m2/repository/mysql/mysql-connector-java/8.0.30/mysql-connector-java-8.0.30.jar:/home/casa/.m2/repository/com/google/protobuf/protobuf-java/3.19.4/protobuf-java-3.19.4.jar:/home/casa/.m2/repository/org/postgresql/postgresql/42.3.3/postgresql-42.3.3.jar:/home/casa/.m2/repository/org/checkerframework/checker-qual/3.5.0/checker-qual-3.5.0.jar:/home/casa/.m2/repository/junit/junit/4.11/junit-4.11.jar:/home/casa/.m2/repository/org/hamcrest/hamcrest-core/1.3/hamcrest-core-1.3.jar:"/>
    <property name="java.vm.vendor" value="Ubuntu"/>
    <property name="sun.arch.data.model" value="64"/>
    <property name="java.vendor.url" value="https://ubuntu.com/"/>
    <property name="user.timezone" value=""/>
    <property name="java.vm.specification.version" value="11"/>
    <property name="os.name" value="Linux"/>
    <property name="sun.java.launcher" value="SUN_STANDARD"/>
    <property name="user.country" value="BR"/>
    <property name="sun.boot.library.path" value="/usr/lib/jvm/java-11-openjdk-amd64/lib"/>
    <property name="sun.java.command" value="/home/casa/Documentos/LP IV/veiculo/target/surefire/surefirebooter-20241205211853784_3.jar /home/casa/Documentos/LP IV/veiculo/target/surefire 2024-12-05T21-18-53_683-jvmRun1 surefire-20241205211853784_1tmp surefire_0-20241205211853784_2tmp"/>
    <property name="jdk.debug" value="release"/>
    <property name="surefire.test.class.path" value="/home/casa/Documentos/LP IV/veiculo/target/test-classes:/home/casa/Documentos/LP IV/veiculo/target/classes:/home/casa/.m2/repository/jakarta/xml/ws/jakarta.xml.ws-api/3.0.0/jakarta.xml.ws-api-3.0.0.jar:/home/casa/.m2/repository/jakarta/xml/soap/jakarta.xml.soap-api/2.0.0/jakarta.xml.soap-api-2.0.0.jar:/home/casa/.m2/repository/jakarta/jws/jakarta.jws-api/3.0.0/jakarta.jws-api-3.0.0.jar:/home/casa/.m2/repository/com/sun/xml/ws/jaxws-rt/3.0.0/jaxws-rt-3.0.0.jar:/home/casa/.m2/repository/org/glassfish/ha/ha-api/3.1.12/ha-api-3.1.12.jar:/home/casa/.m2/repository/org/glassfish/external/management-api/3.2.3/management-api-3.2.3.jar:/home/casa/.m2/repository/org/glassfish/gmbal/gmbal-api-only/4.0.2/gmbal-api-only-4.0.2.jar:/home/casa/.m2/repository/org/jvnet/staxex/stax-ex/2.0.0/stax-ex-2.0.0.jar:/home/casa/.m2/repository/com/sun/xml/stream/buffer/streambuffer/2.0.1/streambuffer-2.0.1.jar:/home/casa/.m2/repository/org/jvnet/mimepull/mimepull/1.9.13/mimepull-1.9.13.jar:/home/casa/.m2/repository/com/sun/xml/fastinfoset/FastInfoset/2.0.0/FastInfoset-2.0.0.jar:/home/casa/.m2/repository/com/sun/mail/jakarta.mail/2.0.0/jakarta.mail-2.0.0.jar:/home/casa/.m2/repository/com/sun/xml/messaging/saaj/saaj-impl/2.0.0/saaj-impl-2.0.0.jar:/home/casa/.m2/repository/com/fasterxml/woodstox/woodstox-core/6.2.1/woodstox-core-6.2.1.jar:/home/casa/.m2/repository/org/codehaus/woodstox/stax2-api/4.2.1/stax2-api-4.2.1.jar:/home/casa/.m2/repository/com/sun/activation/jakarta.activation/2.0.0/jakarta.activation-2.0.0.jar:/home/casa/.m2/repository/jakarta/annotation/jakarta.annotation-api/2.0.0/jakarta.annotation-api-2.0.0.jar:/home/casa/.m2/repository/com/sun/xml/ws/jaxws-tools/3.0.0/jaxws-tools-3.0.0.jar:/home/casa/.m2/repository/com/sun/xml/bind/jaxb-xjc/3.0.0/jaxb-xjc-3.0.0.jar:/home/casa/.m2/repository/com/sun/xml/bind/jaxb-jxc/3.0.0/jaxb-jxc-3.0.0.jar:/home/casa/.m2/repository/com/sun/xml/ws/jaxws-eclipselink-plugin/3.0.0/jaxws-eclipselink-plugin-3.0.0.jar:/home/casa/.m2/repository/org/eclipse/persistence/org.eclipse.persistence.moxy/3.0.0-M2/org.eclipse.persistence.moxy-3.0.0-M2.jar:/home/casa/.m2/repository/org/eclipse/persistence/org.eclipse.persistence.asm/3.0.0-M2/org.eclipse.persistence.asm-3.0.0-M2.jar:/home/casa/.m2/repository/org/eclipse/persistence/org.eclipse.persistence.core/3.0.0-M2/org.eclipse.persistence.core-3.0.0-M2.jar:/home/casa/.m2/repository/com/sun/xml/ws/sdo-eclipselink-plugin/3.0.0/sdo-eclipselink-plugin-3.0.0.jar:/home/casa/.m2/repository/org/eclipse/persistence/org.eclipse.persistence.sdo/3.0.0-M2/org.eclipse.persistence.sdo-3.0.0-M2.jar:/home/casa/.m2/repository/org/eclipse/persistence/commonj.sdo/2.1.1/commonj.sdo-2.1.1.jar:/home/casa/.m2/repository/jakarta/xml/bind/jakarta.xml.bind-api/3.0.0/jakarta.xml.bind-api-3.0.0.jar:/home/casa/.m2/repository/com/sun/xml/bind/jaxb-impl/3.0.2/jaxb-impl-3.0.2.jar:/home/casa/.m2/repository/com/sun/xml/bind/jaxb-core/3.0.2/jaxb-core-3.0.2.jar:/home/casa/.m2/repository/mysql/mysql-connector-java/8.0.30/mysql-connector-java-8.0.30.jar:/home/casa/.m2/repository/com/google/protobuf/protobuf-java/3.19.4/protobuf-java-3.19.4.jar:/home/casa/.m2/repository/org/postgresql/postgresql/42.3.3/postgresql-42.3.3.jar:/home/casa/.m2/repository/org/checkerframework/checker-qual/3.5.0/checker-qual-3.5.0.jar:/home/casa/.m2/repository/junit/junit/4.11/junit-4.11.jar:/home/casa/.m2/repository/org/hamcrest/hamcrest-core/1.3/hamcrest-core-1.3.jar:"/>
    <property name="sun.cpu.endian" value="little"/>
    <property name="user.home" value="/home/casa"/>
    <property name="user.language" value="pt"/>
    <property name="java.specification.vendor" value="Oracle Corporation"/>
    <property name="java.version.date" value="2024-10-15"/>
    <property name="java.home" value="/usr/lib/jvm/java-11-openjdk-amd64"/>
    <property name="file.separator" value="/"/>
    <property name="style.color" value="always"/>
    <property name="basedir" value="/home/casa/Documentos/LP IV/veiculo"/>
    <property name="java.vm.compressedOopsMode" value="Zero based"/>
    <property name="line.separator" value="&#10;"/>
    <property name="java.specification.name" value="Java Platform API Specification"/>
    <property name="java.vm.specification.vendor" value="Oracle Corporation"/>
    <property name="java.awt.graphicsenv" value="sun.awt.X11GraphicsEnvironment"/>
    <property name="surefire.real.class.path" value="/home/casa/Documentos/LP IV/veiculo/target/surefire/surefirebooter-20241205211853784_3.jar"/>
    <property name="sun.management.compiler" value="HotSpot 64-Bit Tiered Compilers"/>
    <property name="java.runtime.version" value="11.0.25+9-post-Ubuntu-1ubuntu120.04"/>
    <property name="user.name" value="casa"/>
    <property name="path.separator" value=":"/>
    <property name="os.version" value="5.4.0-200-generic"/>
    <property name="java.runtime.name" value="OpenJDK Runtime Environment"/>
    <property name="file.encoding" value="UTF-8"/>
    <property name="java.vm.name" value="OpenJDK 64-Bit Server VM"/>
    <property name="localRepository" value="/home/casa/.m2/repository"/>
    <property name="java.vendor.url.bug" value="https://bugs.launchpad.net/ubuntu/+source/openjdk-lts"/>
    <property name="java.io.tmpdir" value="/tmp"/>
    <property name="java.version" value="11.0.25"/>
    <property name="user.dir" value="/home/casa/Documentos/LP IV/veiculo"/>
    <property name="os.arch" value="amd64"/>
    <property name="java.vm.specification.name" value="Java Virtual Machine Specification"/>
    <property name="java.awt.printerjob" value="sun.print.PSPrinterJob"/>
    <property name="sun.os.patch.level" value="unknown"/>
    <property name="java.library.path" value="/usr/java/packages/lib:/usr/lib/x86_64-linux-gnu/jni:/lib/x86_64-linux-gnu:/usr/lib/x86_64-linux-gnu:/usr/lib/jni:/lib:/usr/lib"/>
    <property name="java.vm.info" value="mixed mode, sharing"/>
    <property name="java.vendor" value="Ubuntu"/>
    <property name="java.vm.version" value="11.0.25+9-post-Ubuntu-1ubuntu120.04"/>
    <property name="java.specification.maintenance.version" value="3"/>
    <property name="sun.io.unicode.encoding" value="UnicodeLittle"/>
    <property name="java.class.version" value="55.0"/>
  </properties>
  <testcase name="testApp" classname="br.edu.ifms.veiculo.AppTest" time="0.004"/>
</testsuite>